\BOOKMARK [1][-]{section.1}{\376\377\000I\000n\000t\000r\000o\000d\000u\000c\000t\000i\000o\000n}{}% 1
\BOOKMARK [1][-]{section.2}{\376\377\000T\000a\000s\000k}{}% 2
\BOOKMARK [2][-]{subsection.2.1}{\376\377\000R\000e\000s\000u\000m\000e\000\040\000o\000f\000\040\000t\000h\000e\000\040\000t\000a\000s\000k\000\040\000S\000e\000q\000u\000e\000n\000c\000e}{section.2}% 3
\BOOKMARK [1][-]{section.3}{\376\377\000R\000o\000b\000o\000t\000\040\000S\000y\000s\000t\000e\000m\000\040\000D\000e\000s\000c\000r\000i\000p\000t\000i\000o\000n}{}% 4
\BOOKMARK [2][-]{subsection.3.1}{\376\377\000D\000e\000s\000c\000r\000i\000p\000t\000i\000o\000n\000\040\000o\000f\000\040\000t\000h\000e\000\040\000S\000e\000t\000u\000p}{section.3}% 5
\BOOKMARK [2][-]{subsection.3.2}{\376\377\000H\000a\000r\000d\000w\000a\000r\000e\000/\000S\000o\000f\000t\000w\000a\000r\000e\000\040\000U\000s\000e\000d}{section.3}% 6
\BOOKMARK [1][-]{section.4}{\376\377\000P\000r\000i\000n\000c\000i\000p\000l\000e\000s\000\040\000o\000f\000\040\000R\000O\000S}{}% 7
\BOOKMARK [2][-]{subsection.4.1}{\376\377\000R\000o\000b\000o\000t\000\040\000O\000p\000e\000r\000a\000t\000i\000n\000g\000\040\000S\000y\000s\000t\000e\000m\000\040\000\050\000R\000O\000S\000\051}{section.4}% 8
\BOOKMARK [2][-]{subsection.4.2}{\376\377\000T\000o\000p\000i\000c\000s}{section.4}% 9
\BOOKMARK [2][-]{subsection.4.3}{\376\377\000M\000e\000s\000s\000a\000g\000e\000s}{section.4}% 10
\BOOKMARK [2][-]{subsection.4.4}{\376\377\000P\000u\000b\000l\000i\000s\000h\000e\000r}{section.4}% 11
\BOOKMARK [2][-]{subsection.4.5}{\376\377\000S\000u\000b\000s\000c\000r\000i\000b\000e\000r}{section.4}% 12
\BOOKMARK [1][-]{section.5}{\376\377\000A\000l\000g\000o\000r\000i\000t\000h\000m\000s}{}% 13
\BOOKMARK [2][-]{subsection.5.1}{\376\377\000M\000o\000t\000i\000o\000n\000\040\000c\000o\000n\000t\000r\000o\000l}{section.5}% 14
\BOOKMARK [3][-]{subsubsection.5.1.1}{\376\377\000P\000u\000r\000e\000\040\000P\000u\000r\000s\000u\000i\000t\000\040\000A\000l\000g\000o\000r\000i\000t\000h\000m}{subsection.5.1}% 15
\BOOKMARK [1][-]{section.6}{\376\377\000C\000a\000m\000e\000r\000a\000-\000B\000a\000s\000e\000d\000\040\000P\000e\000r\000c\000e\000p\000t\000i\000o\000n\000\040\000f\000o\000r\000\040\000C\000i\000r\000c\000l\000e\000\040\000D\000e\000t\000e\000c\000t\000i\000o\000n}{}% 16
\BOOKMARK [2][-]{subsection.6.1}{\376\377\000O\000v\000e\000r\000v\000i\000e\000w\000\040\000o\000f\000\040\000C\000i\000r\000c\000l\000e\000\040\000D\000e\000t\000e\000c\000t\000i\000o\000n}{section.6}% 17
\BOOKMARK [2][-]{subsection.6.2}{\376\377\000I\000m\000p\000l\000e\000m\000e\000n\000t\000a\000t\000i\000o\000n\000\040\000o\000f\000\040\000C\000i\000r\000c\000l\000e\000\040\000D\000e\000t\000e\000c\000t\000i\000o\000n\000\040\000A\000l\000g\000o\000r\000i\000t\000h\000m}{section.6}% 18
\BOOKMARK [1][-]{section.7}{\376\377\000L\000o\000c\000a\000l\000i\000z\000a\000t\000i\000o\000n}{}% 19
\BOOKMARK [2][-]{subsection.7.1}{\376\377\000P\000r\000o\000j\000e\000c\000t\000\040\000R\000e\000q\000u\000i\000r\000e\000m\000e\000n\000t\000s\000\040\000a\000n\000d\000\040\000L\000o\000c\000a\000l\000i\000z\000a\000t\000i\000o\000n\000\040\000S\000t\000r\000a\000t\000e\000g\000y}{section.7}% 20
\BOOKMARK [2][-]{subsection.7.2}{\376\377\000T\000e\000c\000h\000n\000i\000q\000u\000e\000s\000\040\000a\000n\000d\000\040\000T\000o\000o\000l\000s\000\040\000f\000o\000r\000\040\000E\000f\000f\000e\000c\000t\000i\000v\000e\000\040\000L\000o\000c\000a\000l\000i\000z\000a\000t\000i\000o\000n}{section.7}% 21
\BOOKMARK [2][-]{subsection.7.3}{\376\377\000C\000h\000a\000l\000l\000e\000n\000g\000e\000s\000\040\000a\000n\000d\000\040\000C\000o\000n\000s\000i\000d\000e\000r\000a\000t\000i\000o\000n\000s}{section.7}% 22
\BOOKMARK [2][-]{subsection.7.4}{\376\377\000I\000m\000p\000l\000e\000m\000e\000n\000t\000a\000t\000i\000o\000n\000\040\000o\000f\000\040\000T\000u\000r\000t\000l\000e\000B\000o\000t\0003\000'\000s\000\040\000M\000a\000p\000\040\000g\000e\000n\000e\000r\000a\000t\000i\000n\000g}{section.7}% 23
\BOOKMARK [1][-]{section.8}{\376\377\000M\000a\000p\000p\000i\000n\000g}{}% 24
\BOOKMARK [2][-]{subsection.8.1}{\376\377\000R\000o\000l\000e\000\040\000o\000f\000\040\000M\000a\000p\000p\000i\000n\000g\000\040\000i\000n\000\040\000t\000h\000e\000\040\000P\000r\000o\000j\000e\000c\000t}{section.8}% 25
\BOOKMARK [2][-]{subsection.8.2}{\376\377\000M\000a\000p\000p\000i\000n\000g\000\040\000T\000e\000c\000h\000n\000i\000q\000u\000e\000s\000\040\000a\000n\000d\000\040\000T\000e\000c\000h\000n\000o\000l\000o\000g\000i\000e\000s}{section.8}% 26
\BOOKMARK [2][-]{subsection.8.3}{\376\377\000C\000h\000a\000l\000l\000e\000n\000g\000e\000s\000\040\000i\000n\000\040\000E\000f\000f\000e\000c\000t\000i\000v\000e\000\040\000M\000a\000p\000p\000i\000n\000g}{section.8}% 27
\BOOKMARK [2][-]{subsection.8.4}{\376\377\000A\000p\000p\000l\000i\000c\000a\000t\000i\000o\000n\000s\000\040\000o\000f\000\040\000M\000a\000p\000p\000i\000n\000g}{section.8}% 28
\BOOKMARK [2][-]{subsection.8.5}{\376\377\000I\000m\000p\000l\000e\000m\000e\000n\000t\000a\000t\000i\000o\000n\000\040\000O\000f\000\040\000M\000a\000p\000p\000i\000n\000g}{section.8}% 29
\BOOKMARK [1][-]{section.9}{\376\377\000O\000b\000s\000t\000a\000c\000l\000e\000\040\000A\000v\000o\000i\000d\000a\000n\000c\000e}{}% 30
\BOOKMARK [2][-]{subsection.9.1}{\376\377\000S\000t\000a\000t\000i\000c\000\040\000O\000b\000s\000t\000a\000c\000l\000e\000s}{section.9}% 31
\BOOKMARK [3][-]{subsubsection.9.1.1}{\376\377\000P\000r\000o\000b\000a\000b\000i\000l\000i\000s\000t\000i\000c\000\040\000R\000o\000a\000d\000m\000a\000p\000\040\000\050\000P\000R\000M\000\051}{subsection.9.1}% 32
\BOOKMARK [3][-]{subsubsection.9.1.2}{\376\377\000P\000u\000r\000e\000\040\000P\000u\000r\000s\000u\000i\000t\000\040\000C\000o\000n\000t\000r\000o\000l\000l\000e\000r}{subsection.9.1}% 33
\BOOKMARK [3][-]{subsubsection.9.1.3}{\376\377\000W\000a\000l\000l\000\040\000F\000o\000l\000l\000o\000w\000i\000n\000g}{subsection.9.1}% 34
\BOOKMARK [2][-]{subsection.9.2}{\376\377\000D\000y\000n\000a\000m\000i\000c\000\040\000O\000b\000s\000t\000a\000c\000l\000e\000s}{section.9}% 35
\BOOKMARK [3][-]{subsubsection.9.2.1}{\376\377\000R\000e\000a\000l\000-\000t\000i\000m\000e\000\040\000L\000i\000D\000A\000R\000\040\000D\000a\000t\000a}{subsection.9.2}% 36
\BOOKMARK [3][-]{subsubsection.9.2.2}{\376\377\000D\000y\000n\000a\000m\000i\000c\000\040\000P\000a\000t\000h\000\040\000A\000d\000j\000u\000s\000t\000m\000e\000n\000t}{subsection.9.2}% 37
\BOOKMARK [3][-]{subsubsection.9.2.3}{\376\377\000A\000i\000m\000i\000n\000g\000\040\000P\000o\000i\000n\000t\000\040\000C\000a\000l\000c\000u\000l\000a\000t\000i\000o\000n}{subsection.9.2}% 38
\BOOKMARK [2][-]{subsection.9.3}{\376\377\000I\000m\000p\000l\000e\000m\000e\000n\000t\000a\000t\000i\000o\000n\000\040\000D\000e\000t\000a\000i\000l\000s}{section.9}% 39
\BOOKMARK [3][-]{subsubsection.9.3.1}{\376\377\000P\000R\000M\000\040\000G\000e\000n\000e\000r\000a\000t\000i\000o\000n}{subsection.9.3}% 40
\BOOKMARK [3][-]{subsubsection.9.3.2}{\376\377\000W\000a\000l\000l\000\040\000F\000o\000l\000l\000o\000w\000i\000n\000g}{subsection.9.3}% 41
\BOOKMARK [3][-]{subsubsection.9.3.3}{\376\377\000C\000i\000r\000c\000l\000e\000\040\000D\000e\000t\000e\000c\000t\000i\000o\000n\000\040\000a\000n\000d\000\040\000P\000a\000t\000h\000\040\000A\000d\000j\000u\000s\000t\000m\000e\000n\000t}{subsection.9.3}% 42
\BOOKMARK [1][-]{section.10}{\376\377\000D\000i\000s\000c\000u\000s\000s\000i\000o\000n}{}% 43
\BOOKMARK [1][-]{section.11}{\376\377\000C\000o\000n\000c\000l\000u\000s\000i\000o\000n}{}% 44
\BOOKMARK [1][-]{appendix.A}{\376\377\000M\000A\000T\000L\000A\000B\000\040\000C\000o\000d\000e\000\040\000f\000o\000r\000\040\000L\000o\000c\000a\000l\000i\000z\000a\000t\000i\000o\000n\000\040\000a\000n\000d\000\040\000M\000a\000p\000p\000i\000n\000g}{}% 45
\BOOKMARK [2][-]{subsection.A.1}{\376\377\000T\000a\000s\000k\000\040\000p\000r\000o\000v\000i\000d\000e\000d\000\040\000b\000y\000\040\000t\000h\000e\000\040\000s\000c\000h\000o\000o\000l}{appendix.A}% 46
