\BOOKMARK [1][-]{section.1}{\376\377\000P\000u\000r\000p\000o\000s\000e}{}% 1
\BOOKMARK [1][-]{section.2}{\376\377\000S\000y\000s\000t\000e\000m\000\040\000R\000e\000q\000u\000i\000r\000e\000m\000e\000n\000t\000s\000\040\000a\000n\000d\000\040\000C\000o\000m\000p\000a\000t\000i\000b\000i\000l\000i\000t\000y}{}% 2
\BOOKMARK [1][-]{section.3}{\376\377\000V\000M\000w\000a\000r\000e\000\040\000I\000n\000s\000t\000a\000l\000l\000a\000t\000i\000o\000n}{}% 3
\BOOKMARK [1][-]{section.4}{\376\377\000U\000b\000u\000n\000t\000u\000\040\0002\0000\000.\0000\0004\000\040\000L\000T\000S\000\040\000I\000n\000s\000t\000a\000l\000l\000a\000t\000i\000o\000n\000\040\000i\000n\000\040\000V\000M\000w\000a\000r\000e}{}% 4
\BOOKMARK [1][-]{section.5}{\376\377\000R\000O\000S\000\040\000N\000o\000e\000t\000i\000c\000\040\000I\000n\000s\000t\000a\000l\000l\000a\000t\000i\000o\000n}{}% 5
\BOOKMARK [2][-]{subsection.5.1}{\376\377\000E\000n\000v\000i\000r\000o\000n\000m\000e\000n\000t\000\040\000S\000e\000t\000u\000p}{section.5}% 6
\BOOKMARK [2][-]{subsection.5.2}{\376\377\000D\000e\000p\000e\000n\000d\000e\000n\000c\000i\000e\000s\000\040\000f\000o\000r\000\040\000B\000u\000i\000l\000d\000i\000n\000g\000\040\000P\000a\000c\000k\000a\000g\000e\000s}{section.5}% 7
\BOOKMARK [2][-]{subsection.5.3}{\376\377\000I\000n\000i\000t\000i\000a\000l\000i\000z\000e\000\040\000r\000o\000s\000d\000e\000p}{section.5}% 8
\BOOKMARK [1][-]{section.6}{\376\377\000I\000n\000s\000t\000a\000l\000l\000i\000n\000g\000\040\000R\000O\000S\000\040\000D\000e\000p\000e\000n\000d\000e\000n\000c\000i\000e\000s}{}% 9
\BOOKMARK [1][-]{section.7}{\376\377\000T\000u\000r\000t\000l\000e\000B\000o\000t\0003\000\040\000a\000n\000d\000\040\000G\000a\000z\000e\000b\000o\000\040\000I\000n\000s\000t\000a\000l\000l\000a\000t\000i\000o\000n}{}% 10
\BOOKMARK [2][-]{subsection.7.1}{\376\377\000C\000o\000n\000f\000i\000g\000u\000r\000i\000n\000g\000\040\000t\000h\000e\000\040\000T\000u\000r\000t\000l\000e\000B\000o\000t\0003\000\040\000M\000o\000d\000e\000l\000\040\000E\000n\000v\000i\000r\000o\000n\000m\000e\000n\000t\000\040\000V\000a\000r\000i\000a\000b\000l\000e\000\040\000P\000e\000r\000m\000a\000n\000e\000n\000t\000l\000y}{section.7}% 11
\BOOKMARK [2][-]{subsection.7.2}{\376\377\000T\000e\000s\000t\000i\000n\000g\000\040\000t\000h\000e\000\040\000I\000n\000s\000t\000a\000l\000l\000a\000t\000i\000o\000n\000\040\000w\000i\000t\000h\000\040\000T\000u\000r\000t\000l\000e\000B\000o\000t\0003\000\040\000i\000n\000\040\000G\000a\000z\000e\000b\000o}{section.7}% 12
\BOOKMARK [1][-]{section.8}{\376\377\000O\000n\000e\000l\000i\000n\000e\000\040\000i\000n\000s\000t\000a\000l\000l\000\040\000o\000f\000\040\000R\000O\000S\000\040\000N\000e\000o\000t\000i\000c}{}% 13
\BOOKMARK [1][-]{section.9}{\376\377\000I\000n\000s\000t\000a\000l\000l\000\040\000D\000e\000p\000e\000n\000d\000e\000n\000t\000\040\000R\000O\000S\000\040\000P\000a\000c\000k\000a\000g\000e\000s}{}% 14
\BOOKMARK [1][-]{section.10}{\376\377\000M\000a\000n\000a\000g\000i\000n\000g\000,\000\040\000C\000r\000e\000a\000t\000i\000n\000g\000,\000\040\000a\000n\000d\000\040\000L\000a\000u\000n\000c\000h\000i\000n\000g\000\040\000a\000\040\000N\000e\000w\000\040\000R\000O\000S\000\040\000P\000r\000o\000j\000e\000c\000t}{}% 15
\BOOKMARK [2][-]{subsection.10.1}{\376\377\000M\000a\000n\000a\000g\000i\000n\000g\000\040\000M\000u\000l\000t\000i\000p\000l\000e\000\040\000P\000r\000o\000j\000e\000c\000t\000s}{section.10}% 16
\BOOKMARK [2][-]{subsection.10.2}{\376\377\000C\000r\000e\000a\000t\000i\000n\000g\000\040\000a\000\040\000N\000e\000w\000\040\000R\000O\000S\000\040\000P\000r\000o\000j\000e\000c\000t}{section.10}% 17
\BOOKMARK [2][-]{subsection.10.3}{\376\377\000B\000u\000i\000l\000d\000i\000n\000g\000\040\000Y\000o\000u\000r\000\040\000R\000O\000S\000\040\000P\000r\000o\000j\000e\000c\000t}{section.10}% 18
\BOOKMARK [2][-]{subsection.10.4}{\376\377\000L\000a\000u\000n\000c\000h\000i\000n\000g\000\040\000a\000\040\000N\000e\000w\000l\000y\000\040\000C\000r\000e\000a\000t\000e\000d\000\040\000P\000r\000o\000j\000e\000c\000t}{section.10}% 19
\BOOKMARK [1][-]{section.11}{\376\377\000R\000O\000S\000\040\000N\000e\000t\000w\000o\000r\000k\000\040\000C\000o\000n\000f\000i\000g\000u\000r\000a\000t\000i\000o\000n\000\040\000G\000u\000i\000d\000e}{}% 20
\BOOKMARK [2][-]{subsection.11.1}{\376\377\000I\000n\000t\000r\000o\000d\000u\000c\000t\000i\000o\000n}{section.11}% 21
\BOOKMARK [2][-]{subsection.11.2}{\376\377\000P\000r\000e\000r\000e\000q\000u\000i\000s\000i\000t\000e\000s}{section.11}% 22
\BOOKMARK [2][-]{subsection.11.3}{\376\377\000C\000o\000n\000f\000i\000g\000u\000r\000a\000t\000i\000o\000n\000\040\000S\000t\000e\000p\000s}{section.11}% 23
\BOOKMARK [3][-]{subsubsection.11.3.1}{\376\377\000I\000d\000e\000n\000t\000i\000f\000y\000\040\000t\000h\000e\000\040\000R\000O\000S\000\040\000M\000a\000s\000t\000e\000r\000\040\000M\000a\000c\000h\000i\000n\000e}{subsection.11.3}% 24
\BOOKMARK [3][-]{subsubsection.11.3.2}{\376\377\000C\000o\000n\000f\000i\000g\000u\000r\000e\000\040\000t\000h\000e\000\040\000R\000O\000S\000\137\000M\000A\000S\000T\000E\000R\000\137\000U\000R\000I}{subsection.11.3}% 25
\BOOKMARK [3][-]{subsubsection.11.3.3}{\376\377\000S\000e\000t\000\040\000t\000h\000e\000\040\000R\000O\000S\000\137\000I\000P}{subsection.11.3}% 26
\BOOKMARK [3][-]{subsubsection.11.3.4}{\376\377\000A\000p\000p\000l\000y\000\040\000t\000h\000e\000\040\000C\000o\000n\000f\000i\000g\000u\000r\000a\000t\000i\000o\000n}{subsection.11.3}% 27
\BOOKMARK [3][-]{subsubsection.11.3.5}{\376\377\000V\000e\000r\000i\000f\000y\000\040\000t\000h\000e\000\040\000C\000o\000n\000f\000i\000g\000u\000r\000a\000t\000i\000o\000n}{subsection.11.3}% 28
\BOOKMARK [2][-]{subsection.11.4}{\376\377\000T\000r\000o\000u\000b\000l\000e\000s\000h\000o\000o\000t\000i\000n\000g\000\040\000T\000i\000p\000s}{section.11}% 29
\BOOKMARK [2][-]{subsection.11.5}{\376\377\000C\000o\000n\000c\000l\000u\000s\000i\000o\000n}{section.11}% 30
\BOOKMARK [1][-]{section.12}{\376\377\000I\000n\000s\000t\000a\000l\000l\000a\000t\000i\000o\000n\000\040\000a\000n\000d\000\040\000C\000o\000n\000f\000i\000g\000u\000r\000a\000t\000i\000o\000n\000\040\000o\000f\000\040\000r\000o\000s\000c\000p\000p\000\040\000w\000i\000t\000h\000\040\000R\000O\000S\000\040\000N\000o\000e\000t\000i\000c\000,\000\040\000G\000a\000z\000e\000b\000o\000,\000\040\000a\000n\000d\000\040\000T\000u\000r\000t\000l\000e\000B\000o\000t\000\040\000S\000i\000m\000u\000l\000a\000t\000i\000o\000n}{}% 31
\BOOKMARK [2][-]{subsection.12.1}{\376\377\000I\000n\000t\000r\000o\000d\000u\000c\000t\000i\000o\000n}{section.12}% 32
\BOOKMARK [2][-]{subsection.12.2}{\376\377\000P\000r\000e\000r\000e\000q\000u\000i\000s\000i\000t\000e\000s}{section.12}% 33
\BOOKMARK [2][-]{subsection.12.3}{\376\377\000C\000o\000n\000f\000i\000g\000u\000r\000a\000t\000i\000o\000n\000\040\000S\000t\000e\000p\000s}{section.12}% 34
\BOOKMARK [3][-]{subsubsection.12.3.1}{\376\377\000I\000n\000s\000t\000a\000l\000l\000\040\000r\000o\000s\000c\000p\000p}{subsection.12.3}% 35
\BOOKMARK [3][-]{subsubsection.12.3.2}{\376\377\000I\000n\000s\000t\000a\000l\000l\000\040\000G\000a\000z\000e\000b\000o\000\040\000f\000o\000r\000\040\000R\000O\000S\000\040\000N\000o\000e\000t\000i\000c}{subsection.12.3}% 36
\BOOKMARK [3][-]{subsubsection.12.3.3}{\376\377\000I\000n\000s\000t\000a\000l\000l\000\040\000T\000u\000r\000t\000l\000e\000B\000o\000t\0003\000\040\000S\000i\000m\000u\000l\000a\000t\000i\000o\000n\000\040\000P\000a\000c\000k\000a\000g\000e\000s}{subsection.12.3}% 37
\BOOKMARK [3][-]{subsubsection.12.3.4}{\376\377\000R\000u\000n\000n\000i\000n\000g\000\040\000a\000\040\000T\000u\000r\000t\000l\000e\000B\000o\000t\0003\000\040\000S\000i\000m\000u\000l\000a\000t\000i\000o\000n}{subsection.12.3}% 38
\BOOKMARK [2][-]{subsection.12.4}{\376\377\000T\000r\000o\000u\000b\000l\000e\000s\000h\000o\000o\000t\000i\000n\000g\000\040\000T\000i\000p\000s}{section.12}% 39
\BOOKMARK [2][-]{subsection.12.5}{\376\377\000C\000o\000n\000c\000l\000u\000s\000i\000o\000n}{section.12}% 40
\BOOKMARK [1][-]{section.13}{\376\377\000S\000e\000t\000t\000i\000n\000g\000\040\000U\000p\000\040\000R\000O\000S\000\040\000W\000o\000r\000k\000s\000p\000a\000c\000e}{}% 41
\BOOKMARK [1][-]{section.14}{\376\377\000C\000r\000e\000a\000t\000e\000\040\000a\000\040\000R\000O\000S\000\040\000P\000a\000c\000k\000a\000g\000e}{}% 42
\BOOKMARK [1][-]{section.15}{\376\377\000I\000n\000s\000t\000a\000l\000l\000i\000n\000g\000\040\000G\000a\000z\000e\000b\000o\000\040\000a\000n\000d\000\040\000R\000v\000i\000z\000\040\000P\000l\000u\000g\000i\000n}{}% 43
\BOOKMARK [2][-]{subsection.15.1}{\376\377\000I\000n\000s\000t\000a\000l\000l\000i\000n\000g\000\040\000t\000h\000e\000\040\000C\000a\000m\000e\000r\000a\000\040\000P\000l\000u\000g\000i\000n}{section.15}% 44
\BOOKMARK [3][-]{subsubsection.15.1.1}{\376\377\000A\000d\000d\000\040\000t\000h\000e\000\040\000C\000a\000m\000e\000r\000a\000\040\000M\000o\000d\000e\000l\000\040\000t\000o\000\040\000t\000h\000e\000\040\000U\000R\000D\000F\000/\000X\000a\000c\000r\000o\000\040\000F\000i\000l\000e}{subsection.15.1}% 45
\BOOKMARK [3][-]{subsubsection.15.1.2}{\376\377\000I\000n\000t\000e\000g\000r\000a\000t\000e\000\040\000t\000h\000e\000\040\000C\000a\000m\000e\000r\000a\000\040\000P\000l\000u\000g\000i\000n\000\040\000i\000n\000\040\000G\000a\000z\000e\000b\000o\000\040\000C\000o\000n\000f\000i\000g\000u\000r\000a\000t\000i\000o\000n}{subsection.15.1}% 46
\BOOKMARK [2][-]{subsection.15.2}{\376\377\000T\000e\000s\000t\000i\000n\000g\000\040\000t\000h\000e\000\040\000C\000a\000m\000e\000r\000a\000\040\000I\000n\000t\000e\000g\000r\000a\000t\000i\000o\000n}{section.15}% 47
\BOOKMARK [1][-]{section.16}{\376\377\000W\000r\000i\000t\000e\000\040\000Y\000o\000u\000r\000\040\000F\000i\000r\000s\000t\000\040\000R\000O\000S\000\040\000N\000o\000d\000e\000\040\000i\000n\000\040\000C\000+\000+}{}% 48
\BOOKMARK [1][-]{section.17}{\376\377\000R\000u\000n\000\040\000Y\000o\000u\000r\000\040\000R\000O\000S\000\040\000N\000o\000d\000e}{}% 49
\BOOKMARK [1][-]{section.18}{\376\377\000S\000o\000u\000r\000c\000e\000\040\000Y\000o\000u\000r\000\040\000E\000n\000v\000i\000r\000o\000n\000m\000e\000n\000t\000\040\000\050\000i\000f\000\040\000n\000e\000c\000e\000s\000s\000a\000r\000y\000\051}{}% 50
\BOOKMARK [1][-]{section.19}{\376\377\000I\000n\000s\000t\000a\000l\000l\000i\000n\000g\000\040\000M\000A\000T\000L\000A\000B\000\040\000o\000n\000\040\000U\000b\000u\000n\000t\000u\000\040\000w\000i\000t\000h\000\040\000R\000o\000b\000o\000t\000i\000c\000s\000\040\000T\000o\000o\000l\000b\000o\000x}{}% 51
\BOOKMARK [2][-]{subsection.19.1}{\376\377\000I\000n\000t\000r\000o\000d\000u\000c\000t\000i\000o\000n}{section.19}% 52
\BOOKMARK [2][-]{subsection.19.2}{\376\377\000S\000t\000e\000p\000\040\0001\000:\000\040\000D\000o\000w\000n\000l\000o\000a\000d\000\040\000M\000A\000T\000L\000A\000B}{section.19}% 53
\BOOKMARK [2][-]{subsection.19.3}{\376\377\000S\000t\000e\000p\000\040\0002\000:\000\040\000P\000r\000e\000p\000a\000r\000e\000\040\000t\000h\000e\000\040\000I\000n\000s\000t\000a\000l\000l\000a\000t\000i\000o\000n}{section.19}% 54
\BOOKMARK [2][-]{subsection.19.4}{\376\377\000S\000t\000e\000p\000\040\0003\000:\000\040\000C\000o\000m\000p\000l\000e\000t\000e\000\040\000t\000h\000e\000\040\000I\000n\000s\000t\000a\000l\000l\000a\000t\000i\000o\000n}{section.19}% 55
\BOOKMARK [2][-]{subsection.19.5}{\376\377\000S\000t\000e\000p\000\040\0004\000:\000\040\000A\000c\000t\000i\000v\000a\000t\000e\000\040\000M\000A\000T\000L\000A\000B}{section.19}% 56
\BOOKMARK [2][-]{subsection.19.6}{\376\377\000C\000o\000n\000c\000l\000u\000s\000i\000o\000n}{section.19}% 57
