\BOOKMARK [1][-]{section.1}{\376\377\000E\000x\000e\000r\000c\000i\000s\000e\000:\000\040\000E\000x\000t\000r\000a\000c\000t\000\040\000r\000a\000n\000g\000e\000\040\000a\000n\000d\000\040\000a\000n\000g\000l\000e\000\040\000f\000r\000o\000m\000\040\000s\000c\000a\000n}{}% 1
\BOOKMARK [2][-]{subsection.1.1}{\376\377\000I\000n\000t\000r\000o\000d\000u\000c\000t\000i\000o\000n}{section.1}% 2
\BOOKMARK [2][-]{subsection.1.2}{\376\377\000O\000b\000j\000e\000c\000t\000i\000v\000e}{section.1}% 3
\BOOKMARK [2][-]{subsection.1.3}{\376\377\000M\000e\000t\000h\000o\000d\000o\000l\000o\000g\000y}{section.1}% 4
\BOOKMARK [3][-]{subsubsection.1.3.1}{\376\377\000D\000a\000t\000a\000\040\000A\000c\000q\000u\000i\000s\000i\000t\000i\000o\000n}{subsection.1.3}% 5
\BOOKMARK [3][-]{subsubsection.1.3.2}{\376\377\000S\000e\000n\000s\000o\000r\000\040\000C\000a\000l\000i\000b\000r\000a\000t\000i\000o\000n}{subsection.1.3}% 6
\BOOKMARK [3][-]{subsubsection.1.3.3}{\376\377\000A\000l\000g\000o\000r\000i\000t\000h\000m\000\040\000D\000e\000v\000e\000l\000o\000p\000m\000e\000n\000t}{subsection.1.3}% 7
\BOOKMARK [2][-]{subsection.1.4}{\376\377\000E\000x\000p\000e\000r\000i\000m\000e\000n\000t\000a\000t\000i\000o\000n\000\040\000a\000n\000d\000\040\000T\000e\000s\000t\000i\000n\000g}{section.1}% 8
\BOOKMARK [3][-]{subsubsection.1.4.1}{\376\377\000A\000l\000g\000o\000r\000i\000t\000h\000m\000\040\000T\000e\000s\000t\000i\000n\000g}{subsection.1.4}% 9
\BOOKMARK [3][-]{subsubsection.1.4.2}{\376\377\000O\000p\000t\000i\000o\000n\000a\000l\000\040\000E\000n\000h\000a\000n\000c\000e\000m\000e\000n\000t\000s}{subsection.1.4}% 10
\BOOKMARK [2][-]{subsection.1.5}{\376\377\000R\000e\000s\000u\000l\000t\000s}{section.1}% 11
\BOOKMARK [2][-]{subsection.1.6}{\376\377\000D\000i\000s\000c\000u\000s\000s\000i\000o\000n}{section.1}% 12
\BOOKMARK [2][-]{subsection.1.7}{\376\377\000C\000o\000n\000c\000l\000u\000s\000i\000o\000n}{section.1}% 13
\BOOKMARK [2][-]{subsection.1.8}{\376\377\000S\000i\000m\000u\000l\000a\000t\000i\000o\000n\000\040\000o\000f\000\040\000T\000u\000r\000t\000l\000e\000b\000o\000t}{section.1}% 14
\BOOKMARK [3][-]{subsubsection.1.8.1}{\376\377\000S\000i\000m\000u\000l\000a\000t\000i\000o\000n\000\040\000e\000n\000v\000i\000r\000o\000n\000m\000e\000n\000t}{subsection.1.8}% 15
\BOOKMARK [3][-]{subsubsection.1.8.2}{\376\377\000M\000a\000t\000l\000a\000b\000\040\000s\000c\000r\000i\000p\000t}{subsection.1.8}% 16
\BOOKMARK [2][-]{subsection.1.9}{\376\377\000P\000h\000y\000s\000i\000c\000a\000l\000\040\000T\000u\000r\000t\000l\000e\000b\000o\000t}{section.1}% 17
\BOOKMARK [3][-]{subsubsection.1.9.1}{\376\377\000T\000u\000r\000t\000l\000e\000b\000o\000t\000\040\000a\000n\000d\000\040\000P\000C\000\040\000k\000o\000n\000f\000i\000g\000u\000r\000a\000t\000i\000o\000n}{subsection.1.9}% 18
\BOOKMARK [3][-]{subsubsection.1.9.2}{\376\377\000C\000o\000n\000n\000e\000c\000t\000i\000o\000n\000\040\000t\000o\000\040\000t\000h\000e\000\040\000T\000u\000r\000t\000l\000e\000B\000o\000t\0003\000\040\000f\000r\000o\000m\000\040\000p\000o\000w\000e\000r\000s\000h\000e\000l\000l}{subsection.1.9}% 19
\BOOKMARK [3][-]{subsubsection.1.9.3}{\376\377\000S\000t\000a\000r\000t\000i\000n\000g\000\040\000R\000O\000S\000\040\000o\000n\000\040\000t\000u\000r\000t\000l\000e\000b\000o\000t\000\040\000f\000r\000o\000m\000\040\000p\000o\000w\000e\000r\000s\000h\000e\000l\000l}{subsection.1.9}% 20
\BOOKMARK [3][-]{subsubsection.1.9.4}{\376\377\000C\000o\000n\000n\000e\000c\000t\000i\000o\000n\000\040\000t\000o\000\040\000T\000u\000r\000t\000l\000e\000B\000o\000t\0003\000\040\000f\000r\000o\000m\000\040\000M\000a\000t\000l\000a\000b}{subsection.1.9}% 21
